<?xml version="1.0" encoding="UTF-8"?>
<testng-results skipped="0" failed="0" ignored="0" total="2" passed="2">
  <reporter-output>
  </reporter-output>
  <suite name="Default suite" duration-ms="4432" started-at="2021-04-19T05:31:52Z" finished-at="2021-04-19T05:31:56Z">
    <groups>
    </groups>
    <test name="Default test" duration-ms="4432" started-at="2021-04-19T05:31:52Z" finished-at="2021-04-19T05:31:56Z">
      <class name="com.qa.tests.GetAPITest">
        <test-method status="PASS" signature="setUp()[pri:0, instance:com.qa.tests.GetAPITest@735b5592]" name="setUp" is-config="true" duration-ms="41" started-at="2021-04-19T05:31:52Z" finished-at="2021-04-19T05:31:52Z">
          <reporter-output>
          </reporter-output>
        </test-method> <!-- setUp -->
        <test-method status="PASS" signature="getAPITestWithoutHeaders()[pri:1, instance:com.qa.tests.GetAPITest@735b5592]" name="getAPITestWithoutHeaders" duration-ms="3608" started-at="2021-04-19T05:31:52Z" finished-at="2021-04-19T05:31:55Z">
          <reporter-output>
          </reporter-output>
        </test-method> <!-- getAPITestWithoutHeaders -->
        <test-method status="PASS" signature="setUp()[pri:0, instance:com.qa.tests.GetAPITest@735b5592]" name="setUp" is-config="true" duration-ms="9" started-at="2021-04-19T05:31:55Z" finished-at="2021-04-19T05:31:56Z">
          <reporter-output>
          </reporter-output>
        </test-method> <!-- setUp -->
        <test-method status="PASS" signature="getAPITestWithHeaders()[pri:2, instance:com.qa.tests.GetAPITest@735b5592]" name="getAPITestWithHeaders" duration-ms="684" started-at="2021-04-19T05:31:56Z" finished-at="2021-04-19T05:31:56Z">
          <reporter-output>
          </reporter-output>
        </test-method> <!-- getAPITestWithHeaders -->
      </class> <!-- com.qa.tests.GetAPITest -->
    </test> <!-- Default test -->
  </suite> <!-- Default suite -->
</testng-results>
